<?xml version="1.0" encoding="UTF-8"?>
<!-- Generated by org.testng.reporters.JUnitXMLReporter -->
<testsuite ignored="0" hostname="DESKTOP-UF4S0EF" failures="0" tests="8" name="Default test" time="0.117" errors="0" timestamp="2022-10-28T21:56:31 IST">
  <testcase classname="testNG.GroupingExample" name="apple1" time="0.012"/>
  <testcase classname="testNG.GroupingExample" name="apple2" time="0.005"/>
  <testcase classname="testNG.GroupingExample" name="lenovo1" time="0.005"/>
  <testcase classname="testNG.GroupingExample" name="lenovo2" time="0.003"/>
  <testcase classname="testNG.GroupingExample" name="moto1" time="0.002"/>
  <testcase classname="testNG.GroupingExample" name="moto2" time="0.002"/>
  <testcase classname="testNG.GroupingExample" name="vivo1" time="0.002"/>
  <testcase classname="testNG.GroupingExample" name="vivo2" time="0.003"/>
</testsuite> <!-- Default test -->
